TN:
SF:lib\file.js
FN:4,exists
FN:7,isDir
FN:10,read
FNF:3
FNH:3
FNDA:1,exists
FNDA:1,isDir
FNDA:1,read
DA:1,1
DA:2,1
DA:3,1
DA:4,1
DA:5,1
DA:6,1
DA:7,1
DA:8,1
DA:9,1
DA:10,1
DA:11,1
DA:12,0
DA:13,0
DA:14,1
DA:15,0
DA:16,0
DA:17,1
DA:18,1
DA:19,1
DA:20,1
DA:21,1
LF:21
LH:17
BRDA:4,0,0,1
BRDA:7,1,0,1
BRDA:10,2,0,1
BRDA:11,3,0,0
BRDA:14,4,0,0
BRF:5
BRH:3
end_of_record
TN:
SF:lib\regex.js
FN:2,findRegex
FNF:1
FNH:1
FNDA:856,findRegex
DA:1,1
DA:2,1
DA:3,856
DA:4,856
DA:5,856
DA:6,856
DA:7,0
DA:8,0
DA:9,0
DA:10,0
DA:11,856
DA:12,0
DA:13,0
DA:14,0
DA:15,0
DA:16,856
DA:17,0
DA:18,0
DA:19,0
DA:20,0
DA:21,856
DA:22,0
DA:23,0
DA:24,0
DA:25,0
DA:26,856
DA:27,0
DA:28,0
DA:29,0
DA:30,0
DA:31,0
DA:32,856
DA:33,856
DA:34,856
DA:35,856
DA:36,856
DA:37,856
DA:38,856
DA:39,856
DA:40,856
DA:41,1
DA:42,1
DA:43,1
DA:44,1
DA:45,1
DA:46,1
DA:47,1
DA:48,1
DA:49,1
DA:50,1
DA:51,1
DA:52,1
DA:53,1
DA:54,1
DA:55,1
DA:56,1
DA:57,1
DA:58,1
DA:59,1
DA:60,1
DA:61,1
LF:61
LH:40
BRDA:2,0,0,856
BRDA:6,1,0,807
BRDA:6,2,0,0
BRDA:11,3,0,807
BRDA:11,4,0,0
BRDA:16,5,0,807
BRDA:16,6,0,0
BRDA:21,7,0,807
BRDA:21,8,0,0
BRDA:26,9,0,807
BRDA:26,10,0,0
BRDA:35,11,0,807
BRDA:35,12,0,49
BRF:13
BRH:8
end_of_record
TN:
SF:lib\tokenizer\index.js
FN:4,tokenize
FNF:1
FNH:1
FNDA:1,tokenize
DA:1,1
DA:2,1
DA:3,1
DA:4,1
DA:5,1
DA:6,1
DA:7,1
DA:8,1
DA:9,1
DA:10,1
LF:10
LH:10
BRDA:4,0,0,1
BRF:1
BRH:1
end_of_record
TN:
SF:lib\tokenizer\innerTokenizer.js
FN:3,innerTokenizer
FNF:1
FNH:1
FNDA:1,innerTokenizer
DA:1,1
DA:2,1
DA:3,1
DA:4,1
DA:5,1
DA:6,1
DA:7,1
DA:8,890
DA:9,890
DA:10,890
DA:11,34
DA:12,34
DA:13,34
DA:14,34
DA:15,890
DA:16,856
DA:17,856
DA:18,856
DA:19,856
DA:20,856
DA:21,856
DA:22,856
DA:23,856
DA:24,856
DA:25,856
DA:26,856
DA:27,856
DA:28,856
DA:29,856
DA:30,856
DA:31,856
DA:32,856
DA:33,890
DA:34,1
DA:35,1
DA:36,1
DA:37,1
LF:37
LH:37
BRDA:3,0,0,1
BRDA:7,1,0,890
BRDA:10,2,0,34
BRDA:15,3,0,856
BRDA:15,4,0,0
BRDA:15,5,0,856
BRF:6
BRH:5
end_of_record
TN:
SF:lib\tokenizer\outerTokenizer.js
FN:3,outerTokenizer
FNF:1
FNH:1
FNDA:1,outerTokenizer
DA:1,1
DA:2,1
DA:3,1
DA:4,1
DA:5,1
DA:6,1
DA:7,856
DA:8,856
DA:9,856
DA:10,856
DA:11,856
DA:12,856
DA:13,856
DA:14,856
DA:15,856
DA:16,856
DA:17,856
DA:18,856
DA:19,856
DA:20,856
DA:21,856
DA:22,856
DA:23,856
DA:24,856
DA:25,856
DA:26,856
DA:27,856
DA:28,856
DA:29,856
DA:30,856
DA:31,856
DA:32,856
DA:33,856
DA:34,856
DA:35,856
DA:36,856
DA:37,856
DA:38,856
DA:39,856
DA:40,856
DA:41,856
DA:42,856
DA:43,856
DA:44,856
DA:45,856
DA:46,856
DA:47,856
DA:48,856
DA:49,856
DA:50,856
DA:51,856
DA:52,856
DA:53,856
DA:54,856
DA:55,856
DA:56,856
DA:57,856
DA:58,856
DA:59,856
DA:60,856
DA:61,856
DA:62,856
DA:63,856
DA:64,856
DA:65,856
DA:66,856
DA:67,856
DA:68,856
DA:69,856
DA:70,856
DA:71,856
DA:72,856
DA:73,856
DA:74,856
DA:75,948
DA:76,948
DA:77,948
DA:78,948
DA:79,1
DA:80,1
LF:80
LH:80
BRDA:3,0,0,1
BRDA:6,1,0,948
BRDA:16,2,0,92
BRDA:18,3,0,34
BRDA:6,4,0,856
BRDA:27,5,0,0
BRDA:6,6,0,856
BRDA:48,7,0,11128
BRDA:52,8,0,0
BRDA:6,9,0,856
BRF:10
BRH:8
end_of_record
